This is pdfTeX, Version 3.14159265-2.6-1.40.19 (MiKTeX 2.9.6630 64-bit) (preloaded format=pdflatex 2018.4.30)  30 APR 2018 18:14
entering extended mode
**./tutorial_5.tex
(tutorial_5.tex
LaTeX2e <2017-04-15>
Babel <3.18> and hyphenation patterns for 75 language(s) loaded.
("D:\MiKTeX 2.9\tex\latex\base\article.cls"
Document Class: article 2014/09/29 v1.4h Standard LaTeX document class
("D:\MiKTeX 2.9\tex\latex\base\size10.clo"
File: size10.clo 2014/09/29 v1.4h Standard LaTeX file (size option)
)
\c@part=\count79
\c@section=\count80
\c@subsection=\count81
\c@subsubsection=\count82
\c@paragraph=\count83
\c@subparagraph=\count84
\c@figure=\count85
\c@table=\count86
\abovecaptionskip=\skip41
\belowcaptionskip=\skip42
\bibindent=\dimen102
) (tutorial_5.aux)
\openout1 = `tutorial_5.aux'.

LaTeX Font Info:    Checking defaults for OML/cmm/m/it on input line 3.
LaTeX Font Info:    ... okay on input line 3.
LaTeX Font Info:    Checking defaults for T1/cmr/m/n on input line 3.
LaTeX Font Info:    ... okay on input line 3.
LaTeX Font Info:    Checking defaults for OT1/cmr/m/n on input line 3.
LaTeX Font Info:    ... okay on input line 3.
LaTeX Font Info:    Checking defaults for OMS/cmsy/m/n on input line 3.
LaTeX Font Info:    ... okay on input line 3.
LaTeX Font Info:    Checking defaults for OMX/cmex/m/n on input line 3.
LaTeX Font Info:    ... okay on input line 3.
LaTeX Font Info:    Checking defaults for U/cmr/m/n on input line 3.
LaTeX Font Info:    ... okay on input line 3.
 (tutorial_5.toc
LaTeX Font Info:    External font `cmex10' loaded for size
(Font)              <7> on input line 2.
LaTeX Font Info:    External font `cmex10' loaded for size
(Font)              <5> on input line 2.
)
\tf@toc=\write3
\openout3 = `tutorial_5.toc'.


[1

{C:/Users/Admin/AppData/Local/MiKTeX/2.9/pdftex/config/pdftex.map}]
LaTeX Font Info:    External font `cmex10' loaded for size
(Font)              <12> on input line 9.
LaTeX Font Info:    External font `cmex10' loaded for size
(Font)              <8> on input line 9.
LaTeX Font Info:    External font `cmex10' loaded for size
(Font)              <6> on input line 9.
 [2]
[3] (tutorial_5.aux) ) 
Here is how much of TeX's memory you used:
 257 strings out of 493305
 2923 string characters out of 3144922
 56825 words of memory out of 3000000
 3874 multiletter control sequences out of 15000+200000
 10265 words of font info for 36 fonts, out of 3000000 for 9000
 1141 hyphenation exceptions out of 8191
 23i,6n,19p,127b,187s stack positions out of 5000i,500n,10000p,200000b,50000s
<D:/MiKTeX 2.9/fonts/type1/public/amsfonts/cm/cmbx10.pfb>
<D:/MiKTeX 2.9/fonts/type1/public/amsfonts/cm/cmbx12.pfb><D:/MiKTeX 2.9/fonts/t
ype1/public/amsfonts/cm/cmcsc10.pfb><D:/MiKTeX 2.9/fonts/type1/public/amsfonts/
cm/cmr10.pfb><D:/MiKTeX 2.9/fonts/type1/public/amsfonts/cm/cmr12.pfb><D:/MiKTeX
 2.9/fonts/type1/public/amsfonts/cm/cmr17.pfb><D:/MiKTeX 2.9/fonts/type1/public
/amsfonts/cm/cmr5.pfb><D:/MiKTeX 2.9/fonts/type1/public/amsfonts/cm/cmr9.pfb><D
:/MiKTeX 2.9/fonts/type1/public/amsfonts/cm/cmsl10.pfb><D:/MiKTeX 2.9/fonts/typ
e1/public/amsfonts/cm/cmss10.pfb><D:/MiKTeX 2.9/fonts/type1/public/amsfonts/cm/
cmti10.pfb><D:/MiKTeX 2.9/fonts/type1/public/amsfonts/cm/cmtt10.pfb>
Output written on tutorial_5.pdf (3 pages, 137712 bytes).
PDF statistics:
 60 PDF objects out of 1000 (max. 8388607)
 0 named destinations out of 1000 (max. 500000)
 1 words of extra memory for PDF output out of 10000 (max. 10000000)

